<?xml version="1.0" ?>
<testsuite errors="0" hostname="HORNET" failures="0" timestamp="2024-09-03T11:05:07" tests="5" time="0" name="vhdl-style-guide">
  <properties>
  </properties>
  <testcase name="./doc/axi/slave/RbExample.vhd" time="0">
  </testcase>
  <testcase name="./doc/tutorials/EfinityTutorial/Files/efinity_tutorial.vhd" time="0">
  </testcase>
  <testcase name="./doc/tutorials/QuartusTutorial/Files/quartus_tutorial.vhd" time="0">
  </testcase>
  <testcase name="./doc/tutorials/QuestasimTutorial/Files/questa_tutorial.vhd" time="0">
  </testcase>
  <testcase name="./doc/tutorials/VivadoTutorial/Files/vivado_tutorial.vhd" time="0">
  </testcase>
  <system-out>
  </system-out>
  <system-err>
  </system-err>
</testsuite>
