<?xml version="1.0" ?>
<testsuite errors="0" hostname="HORNET" failures="90" timestamp="2024-07-21T11:41:14" tests="90" time="0" name="vhdl-style-guide">
  <properties>
  </properties>
  <testcase name="./doc/axi/slave/RbExample.vhd" time="0">
    <failure type="Failure">
      comment_010: 4 : Indent level 0
      comment_010: 8 : Indent level 0
      comment_010: 13 : Indent level 0
      comment_010: 16 : Indent level 0
      comment_010: 22 : Indent level 0
      comment_010: 30 : Indent level 0
      comment_010: 41 : Indent level 0
      whitespace_001: 7 : Remove trailing whitespace
      whitespace_001: 15 : Remove trailing whitespace
      whitespace_001: 21 : Remove trailing whitespace
      whitespace_001: 23 : Remove trailing whitespace
      whitespace_001: 26 : Remove trailing whitespace
      whitespace_001: 34 : Remove trailing whitespace
    </failure>
  </testcase>
  <testcase name="./doc/tutorials/QuartusTutorial/Files/quartus_tutorial.vhd" time="0">
    <failure type="Failure">
      architecture_010: 97 : Add architecture keyword.
      architecture_015: 20 : Insert blank line below
      architecture_016: 27 : Insert blank line above
      architecture_024: 97 : Add architecture simple name
      entity_019: 18 : Add entity simple name
      generic_map_005: 82 : Move generic assignment to it&apos;s own line.
      generic_map_006: 31 : Change the number of space(s) between map and ( to 0
      generic_map_006: 38 : Change the number of space(s) between map and ( to 0
      generic_map_006: 43 : Change the number of space(s) between map and ( to 0
      generic_map_006: 52 : Change the number of space(s) between map and ( to 0
      generic_map_006: 57 : Change the number of space(s) between map and ( to 0
      generic_map_006: 82 : Change the number of space(s) between map and ( to 0
      generic_map_006: 86 : Change the number of space(s) between map and ( to 0
      instantiation_001: 38 : Use 4 spaces for indent
      instantiation_001: 39 : Use 8 spaces for indent
      instantiation_001: 40 : Use 8 spaces for indent
      instantiation_001: 41 : Use 8 spaces for indent
      instantiation_001: 42 : Use 4 spaces for indent
      instantiation_001: 43 : Use 4 spaces for indent
      instantiation_001: 44 : Use 8 spaces for indent
      instantiation_001: 45 : Use 8 spaces for indent
      instantiation_001: 46 : Use 8 spaces for indent
      instantiation_001: 47 : Use 8 spaces for indent
      instantiation_001: 48 : Use 4 spaces for indent
      instantiation_001: 52 : Use 4 spaces for indent
      instantiation_001: 53 : Use 8 spaces for indent
      instantiation_001: 54 : Use 8 spaces for indent
      instantiation_001: 55 : Use 8 spaces for indent
      instantiation_001: 56 : Use 4 spaces for indent
      instantiation_001: 57 : Use 4 spaces for indent
      instantiation_001: 58 : Use 8 spaces for indent
      instantiation_001: 59 : Use 8 spaces for indent
      instantiation_001: 60 : Use 8 spaces for indent
      instantiation_001: 61 : Use 8 spaces for indent
      instantiation_001: 62 : Use 4 spaces for indent
      instantiation_001: 82 : Use 4 spaces for indent
      instantiation_001: 83 : Use 8 spaces for indent
      instantiation_001: 84 : Use 8 spaces for indent
      instantiation_001: 85 : Use 4 spaces for indent
      instantiation_001: 86 : Use 4 spaces for indent
      instantiation_001: 87 : Use 8 spaces for indent
      instantiation_001: 88 : Use 8 spaces for indent
      instantiation_001: 89 : Use 8 spaces for indent
      instantiation_001: 90 : Use 8 spaces for indent
      instantiation_001: 91 : Use 8 spaces for indent
      instantiation_001: 92 : Use 8 spaces for indent
      instantiation_001: 93 : Use 4 spaces for indent
      instantiation_003: 30 : Add 1 space(s) between i_reset and :
      instantiation_019: 93 : Insert blank line below
      port_016: 10 : Move port parameter to the next line.
      port_map_005: 31 : Move port assignment to it&apos;s own line.
      port_map_005: 86 : Move port assignment to it&apos;s own line.
      process_002: 65 : Add 1 space(s) between process and (
      process_012: 65 : Add *is* keyword
      process_018: 78 : Add a label for the &quot;end process&quot;.
      process_021: 66 : Add blank line above *begin* keyword
      process_022: 66 : Insert blank line below
      process_023: 78 : Insert blank line above
      signal_200: 26 : Insert blank line below
      whitespace_001: 8 : Remove trailing whitespace
      whitespace_001: 10 : Remove trailing whitespace
      whitespace_001: 16 : Remove trailing whitespace
      whitespace_001: 17 : Remove trailing whitespace
      whitespace_001: 26 : Remove trailing whitespace
      whitespace_001: 30 : Remove trailing whitespace
      whitespace_001: 31 : Remove trailing whitespace
      whitespace_001: 34 : Remove trailing whitespace
      whitespace_001: 41 : Remove trailing whitespace
      whitespace_001: 55 : Remove trailing whitespace
      whitespace_001: 82 : Remove trailing whitespace
      whitespace_001: 83 : Remove trailing whitespace
      whitespace_001: 84 : Remove trailing whitespace
      whitespace_001: 86 : Remove trailing whitespace
      whitespace_001: 92 : Remove trailing whitespace
      whitespace_001: 95 : Remove trailing whitespace
    </failure>
  </testcase>
  <testcase name="./doc/tutorials/VivadoTutorial/Files/vivado_tutorial.vhd" time="0">
    <failure type="Failure">
      architecture_010: 95 : Add architecture keyword.
      architecture_015: 20 : Insert blank line below
      architecture_016: 26 : Insert blank line above
      architecture_024: 95 : Add architecture simple name
      entity_019: 18 : Add entity simple name
      generic_map_005: 81 : Move generic assignment to it&apos;s own line.
      generic_map_006: 30 : Change the number of space(s) between map and ( to 0
      generic_map_006: 37 : Change the number of space(s) between map and ( to 0
      generic_map_006: 42 : Change the number of space(s) between map and ( to 0
      generic_map_006: 51 : Change the number of space(s) between map and ( to 0
      generic_map_006: 56 : Change the number of space(s) between map and ( to 0
      generic_map_006: 81 : Change the number of space(s) between map and ( to 0
      generic_map_006: 85 : Change the number of space(s) between map and ( to 0
      instantiation_001: 37 : Use 4 spaces for indent
      instantiation_001: 38 : Use 8 spaces for indent
      instantiation_001: 39 : Use 8 spaces for indent
      instantiation_001: 40 : Use 8 spaces for indent
      instantiation_001: 41 : Use 4 spaces for indent
      instantiation_001: 42 : Use 4 spaces for indent
      instantiation_001: 43 : Use 8 spaces for indent
      instantiation_001: 44 : Use 8 spaces for indent
      instantiation_001: 45 : Use 8 spaces for indent
      instantiation_001: 46 : Use 8 spaces for indent
      instantiation_001: 47 : Use 4 spaces for indent
      instantiation_001: 51 : Use 4 spaces for indent
      instantiation_001: 52 : Use 8 spaces for indent
      instantiation_001: 53 : Use 8 spaces for indent
      instantiation_001: 54 : Use 8 spaces for indent
      instantiation_001: 55 : Use 4 spaces for indent
      instantiation_001: 56 : Use 4 spaces for indent
      instantiation_001: 57 : Use 8 spaces for indent
      instantiation_001: 58 : Use 8 spaces for indent
      instantiation_001: 59 : Use 8 spaces for indent
      instantiation_001: 60 : Use 8 spaces for indent
      instantiation_001: 61 : Use 4 spaces for indent
      instantiation_001: 81 : Use 4 spaces for indent
      instantiation_001: 82 : Use 8 spaces for indent
      instantiation_001: 83 : Use 8 spaces for indent
      instantiation_001: 84 : Use 4 spaces for indent
      instantiation_001: 85 : Use 4 spaces for indent
      instantiation_001: 86 : Use 8 spaces for indent
      instantiation_001: 87 : Use 8 spaces for indent
      instantiation_001: 88 : Use 8 spaces for indent
      instantiation_001: 89 : Use 8 spaces for indent
      instantiation_001: 90 : Use 8 spaces for indent
      instantiation_001: 91 : Use 8 spaces for indent
      instantiation_001: 92 : Use 4 spaces for indent
      instantiation_003: 29 : Add 1 space(s) between i_reset and :
      instantiation_019: 92 : Insert blank line below
      port_016: 10 : Move port parameter to the next line.
      port_map_005: 30 : Move port assignment to it&apos;s own line.
      port_map_005: 85 : Move port assignment to it&apos;s own line.
      process_002: 64 : Add 1 space(s) between process and (
      process_012: 64 : Add *is* keyword
      process_018: 77 : Add a label for the &quot;end process&quot;.
      process_021: 65 : Add blank line above *begin* keyword
      process_022: 65 : Insert blank line below
      process_023: 77 : Insert blank line above
      signal_200: 25 : Insert blank line below
      whitespace_001: 8 : Remove trailing whitespace
      whitespace_001: 10 : Remove trailing whitespace
      whitespace_001: 16 : Remove trailing whitespace
      whitespace_001: 17 : Remove trailing whitespace
      whitespace_001: 29 : Remove trailing whitespace
      whitespace_001: 30 : Remove trailing whitespace
      whitespace_001: 33 : Remove trailing whitespace
      whitespace_001: 40 : Remove trailing whitespace
      whitespace_001: 54 : Remove trailing whitespace
      whitespace_001: 81 : Remove trailing whitespace
      whitespace_001: 82 : Remove trailing whitespace
      whitespace_001: 83 : Remove trailing whitespace
      whitespace_001: 85 : Remove trailing whitespace
      whitespace_001: 91 : Remove trailing whitespace
      whitespace_001: 93 : Remove trailing whitespace
    </failure>
  </testcase>
  <testcase name="./src/axi/vhdl/olo_axi_lite_slave.vhd" time="0">
    <failure type="Failure">
      architecture_016: 101 : Insert blank line above
      architecture_024: 239 : Add architecture simple name
      constant_004: 100 : Format UnusedBits_g to match defined regex
      constant_600: 100 : Suffix UnusedBits_g with one of the following: _c
      entity_015: 71 : Add *entity* keyword
      entity_017: 37 : Move : 4 columns
      entity_017: 38 : Move : 4 columns
      entity_017: 63 : Move : 1 columns
      entity_017: 64 : Move : 1 columns
      entity_017: 65 : Move : 1 columns
      entity_017: 66 : Move : 1 columns
      entity_017: 67 : Move : 1 columns
      entity_017: 68 : Move : 1 columns
      entity_017: 69 : Move : 1 columns
      generic_003: 30 : Change the number of space(s) between generic and ( to 0
      port_007: 37 : Change number of spaces after *in* to 4.
      port_007: 38 : Change number of spaces after *in* to 4.
      port_007: 41 : Change number of spaces after *in* to 4.
      port_007: 42 : Change number of spaces after *in* to 4.
      port_007: 45 : Change number of spaces after *in* to 4.
      port_007: 46 : Change number of spaces after *in* to 4.
      port_007: 49 : Change number of spaces after *in* to 4.
      port_007: 50 : Change number of spaces after *in* to 4.
      port_007: 51 : Change number of spaces after *in* to 4.
      port_007: 56 : Change number of spaces after *in* to 4.
      port_007: 61 : Change number of spaces after *in* to 4.
      port_007: 68 : Change number of spaces after *in* to 4.
      port_007: 69 : Change number of spaces after *in* to 4.
      port_008: 43 : Change number of spaces after *out* to 3.
      port_008: 47 : Change number of spaces after *out* to 3.
      port_008: 52 : Change number of spaces after *out* to 3.
      port_008: 54 : Change number of spaces after *out* to 3.
      port_008: 55 : Change number of spaces after *out* to 3.
      port_008: 58 : Change number of spaces after *out* to 3.
      port_008: 59 : Change number of spaces after *out* to 3.
      port_008: 60 : Change number of spaces after *out* to 3.
      port_008: 63 : Change number of spaces after *out* to 3.
      port_008: 64 : Change number of spaces after *out* to 3.
      port_008: 65 : Change number of spaces after *out* to 3.
      port_008: 66 : Change number of spaces after *out* to 3.
      port_008: 67 : Change number of spaces after *out* to 3.
      process_002: 222 : Add 1 space(s) between process and (
      process_012: 111 : Add *is* keyword
      process_012: 222 : Add *is* keyword
      process_018: 219 : Add a label for the &quot;end process&quot;.
      process_018: 237 : Add a label for the &quot;end process&quot;.
      process_021: 223 : Add blank line above *begin* keyword
      process_022: 113 : Insert blank line below
      process_022: 223 : Insert blank line below
      process_023: 219 : Insert blank line above
      process_023: 237 : Insert blank line above
      process_027: 113 : Insert blank line above *begin* keyword
      record_type_definition_005: 97 : Add record type simple name
      signal_004: 98 : Format r to match defined regex
      signal_004: 98 : Format r_next to match defined regex
      whitespace_200: 106 : Remove 1 blank line(s) below
    </failure>
  </testcase>
  <testcase name="./src/axi/vhdl/olo_axi_master_full.vhd" time="0">
    <failure type="Failure">
      architecture_024: 740 : Add architecture simple name
      case_007: 250 : Insert blank line above
      case_007: 294 : Insert blank line above
      case_007: 331 : Insert blank line above
      case_007: 411 : Insert blank line above
      case_007: 469 : Insert blank line above
      comment_010: 596 : Use 8 spaces for indent
      comment_010: 599 : Use 8 spaces for indent
      comment_010: 605 : Use 8 spaces for indent
      comment_010: 611 : Use 8 spaces for indent
      comment_010: 616 : Use 8 spaces for indent
      comment_010: 621 : Use 8 spaces for indent
      comment_010: 626 : Use 8 spaces for indent
      comment_010: 636 : Use 8 spaces for indent
      comment_010: 642 : Use 8 spaces for indent
      comment_010: 646 : Use 8 spaces for indent
      comment_010: 656 : Use 8 spaces for indent
      comment_100: 326 : Change &quot;--v&quot; to &quot;-- v&quot;
      entity_019: 114 : Add entity simple name
      function_017: 133 : Format AlignedAddr_f to match defined regex
      function_020: 139 : Add function designator
      function_100: 133 : Add 1 space(s) between AlignedAddr_f and (
      generate_011: 706 : Add label g_write
      generate_011: 709 : Add label g_nwrite
      generate_011: 733 : Add label g_read
      generate_011: 738 : Add label g_nread
      generic_003: 33 : Change the number of space(s) between generic and ( to 0
      generic_map_005: 689 : Move generic assignment to it&apos;s own line.
      generic_map_006: 584 : Change the number of space(s) between map and ( to 0
      generic_map_006: 595 : Change the number of space(s) between map and ( to 0
      generic_map_006: 671 : Change the number of space(s) between map and ( to 0
      generic_map_006: 674 : Change the number of space(s) between map and ( to 0
      generic_map_006: 689 : Change the number of space(s) between map and ( to 0
      generic_map_006: 718 : Change the number of space(s) between map and ( to 0
      generic_map_006: 721 : Change the number of space(s) between map and ( to 0
      instantiation_001: 584 : Use 4 spaces for indent
      instantiation_001: 585 : Use 8 spaces for indent
      instantiation_001: 586 : Use 8 spaces for indent
      instantiation_001: 587 : Use 8 spaces for indent
      instantiation_001: 588 : Use 8 spaces for indent
      instantiation_001: 589 : Use 8 spaces for indent
      instantiation_001: 590 : Use 8 spaces for indent
      instantiation_001: 591 : Use 8 spaces for indent
      instantiation_001: 592 : Use 8 spaces for indent
      instantiation_001: 593 : Use 8 spaces for indent
      instantiation_001: 594 : Use 4 spaces for indent
      instantiation_001: 595 : Use 4 spaces for indent
      instantiation_001: 597 : Use 8 spaces for indent
      instantiation_001: 598 : Use 8 spaces for indent
      instantiation_001: 600 : Use 8 spaces for indent
      instantiation_001: 601 : Use 8 spaces for indent
      instantiation_001: 602 : Use 8 spaces for indent
      instantiation_001: 603 : Use 8 spaces for indent
      instantiation_001: 604 : Use 8 spaces for indent
      instantiation_001: 606 : Use 8 spaces for indent
      instantiation_001: 607 : Use 8 spaces for indent
      instantiation_001: 608 : Use 8 spaces for indent
      instantiation_001: 609 : Use 8 spaces for indent
      instantiation_001: 610 : Use 8 spaces for indent
      instantiation_001: 612 : Use 8 spaces for indent
      instantiation_001: 613 : Use 8 spaces for indent
      instantiation_001: 614 : Use 8 spaces for indent
      instantiation_001: 615 : Use 8 spaces for indent
      instantiation_001: 617 : Use 8 spaces for indent
      instantiation_001: 618 : Use 8 spaces for indent
      instantiation_001: 619 : Use 8 spaces for indent
      instantiation_001: 620 : Use 8 spaces for indent
      instantiation_001: 622 : Use 8 spaces for indent
      instantiation_001: 623 : Use 8 spaces for indent
      instantiation_001: 624 : Use 8 spaces for indent
      instantiation_001: 625 : Use 8 spaces for indent
      instantiation_001: 627 : Use 8 spaces for indent
      instantiation_001: 628 : Use 8 spaces for indent
      instantiation_001: 629 : Use 8 spaces for indent
      instantiation_001: 630 : Use 8 spaces for indent
      instantiation_001: 631 : Use 8 spaces for indent
      instantiation_001: 632 : Use 8 spaces for indent
      instantiation_001: 633 : Use 8 spaces for indent
      instantiation_001: 634 : Use 8 spaces for indent
      instantiation_001: 635 : Use 8 spaces for indent
      instantiation_001: 637 : Use 8 spaces for indent
      instantiation_001: 638 : Use 8 spaces for indent
      instantiation_001: 639 : Use 8 spaces for indent
      instantiation_001: 640 : Use 8 spaces for indent
      instantiation_001: 641 : Use 8 spaces for indent
      instantiation_001: 643 : Use 8 spaces for indent
      instantiation_001: 644 : Use 8 spaces for indent
      instantiation_001: 645 : Use 8 spaces for indent
      instantiation_001: 647 : Use 8 spaces for indent
      instantiation_001: 648 : Use 8 spaces for indent
      instantiation_001: 649 : Use 8 spaces for indent
      instantiation_001: 650 : Use 8 spaces for indent
      instantiation_001: 651 : Use 8 spaces for indent
      instantiation_001: 652 : Use 8 spaces for indent
      instantiation_001: 653 : Use 8 spaces for indent
      instantiation_001: 654 : Use 8 spaces for indent
      instantiation_001: 655 : Use 8 spaces for indent
      instantiation_001: 657 : Use 8 spaces for indent
      instantiation_001: 658 : Use 8 spaces for indent
      instantiation_001: 659 : Use 8 spaces for indent
      instantiation_001: 660 : Use 8 spaces for indent
      instantiation_001: 661 : Use 8 spaces for indent
      instantiation_001: 662 : Use 4 spaces for indent
      instantiation_001: 671 : Use 8 spaces for indent
      instantiation_001: 672 : Use 12 spaces for indent
      instantiation_001: 673 : Use 8 spaces for indent
      instantiation_001: 674 : Use 8 spaces for indent
      instantiation_001: 675 : Use 12 spaces for indent
      instantiation_001: 676 : Use 12 spaces for indent
      instantiation_001: 677 : Use 12 spaces for indent
      instantiation_001: 678 : Use 12 spaces for indent
      instantiation_001: 679 : Use 12 spaces for indent
      instantiation_001: 680 : Use 12 spaces for indent
      instantiation_001: 681 : Use 12 spaces for indent
      instantiation_001: 682 : Use 12 spaces for indent
      instantiation_001: 683 : Use 8 spaces for indent
      instantiation_001: 689 : Use 8 spaces for indent
      instantiation_001: 690 : Use 12 spaces for indent
      instantiation_001: 691 : Use 12 spaces for indent
      instantiation_001: 692 : Use 8 spaces for indent
      instantiation_001: 693 : Use 8 spaces for indent
      instantiation_001: 694 : Use 12 spaces for indent
      instantiation_001: 695 : Use 12 spaces for indent
      instantiation_001: 696 : Use 12 spaces for indent
      instantiation_001: 697 : Use 12 spaces for indent
      instantiation_001: 698 : Use 12 spaces for indent
      instantiation_001: 699 : Use 12 spaces for indent
      instantiation_001: 700 : Use 12 spaces for indent
      instantiation_001: 701 : Use 12 spaces for indent
      instantiation_001: 702 : Use 12 spaces for indent
      instantiation_001: 703 : Use 12 spaces for indent
      instantiation_001: 704 : Use 12 spaces for indent
      instantiation_001: 705 : Use 8 spaces for indent
      instantiation_001: 718 : Use 8 spaces for indent
      instantiation_001: 719 : Use 12 spaces for indent
      instantiation_001: 720 : Use 8 spaces for indent
      instantiation_001: 721 : Use 8 spaces for indent
      instantiation_001: 722 : Use 12 spaces for indent
      instantiation_001: 723 : Use 12 spaces for indent
      instantiation_001: 724 : Use 12 spaces for indent
      instantiation_001: 725 : Use 12 spaces for indent
      instantiation_001: 726 : Use 12 spaces for indent
      instantiation_001: 727 : Use 12 spaces for indent
      instantiation_001: 728 : Use 12 spaces for indent
      instantiation_001: 729 : Use 12 spaces for indent
      instantiation_001: 730 : Use 8 spaces for indent
      instantiation_004: 583 : Insert blank line above
      instantiation_004: 669 : Insert blank line above
      instantiation_004: 688 : Insert blank line above
      instantiation_004: 717 : Insert blank line above
      instantiation_019: 705 : Insert blank line below
      instantiation_019: 730 : Insert blank line below
      port_003: 47 : Change the number of space(s) between port and ( to 0
      port_007: 49 : Change number of spaces after *in* to 4.
      port_007: 50 : Change number of spaces after *in* to 4.
      port_007: 52 : Change number of spaces after *in* to 4.
      port_007: 53 : Change number of spaces after *in* to 4.
      port_007: 54 : Change number of spaces after *in* to 4.
      port_007: 55 : Change number of spaces after *in* to 4.
      port_007: 58 : Change number of spaces after *in* to 4.
      port_007: 59 : Change number of spaces after *in* to 4.
      port_007: 60 : Change number of spaces after *in* to 4.
      port_007: 61 : Change number of spaces after *in* to 4.
      port_007: 64 : Change number of spaces after *in* to 4.
      port_007: 65 : Change number of spaces after *in* to 4.
      port_007: 71 : Change number of spaces after *in* to 4.
      port_007: 86 : Change number of spaces after *in* to 4.
      port_007: 92 : Change number of spaces after *in* to 4.
      port_007: 94 : Change number of spaces after *in* to 4.
      port_007: 95 : Change number of spaces after *in* to 4.
      port_007: 106 : Change number of spaces after *in* to 4.
      port_007: 108 : Change number of spaces after *in* to 4.
      port_007: 109 : Change number of spaces after *in* to 4.
      port_007: 110 : Change number of spaces after *in* to 4.
      port_007: 111 : Change number of spaces after *in* to 4.
      port_008: 56 : Change number of spaces after *out* to 3.
      port_008: 62 : Change number of spaces after *out* to 3.
      port_008: 66 : Change number of spaces after *out* to 3.
      port_008: 68 : Change number of spaces after *out* to 3.
      port_008: 69 : Change number of spaces after *out* to 3.
      port_008: 70 : Change number of spaces after *out* to 3.
      port_008: 73 : Change number of spaces after *out* to 3.
      port_008: 74 : Change number of spaces after *out* to 3.
      port_008: 75 : Change number of spaces after *out* to 3.
      port_008: 76 : Change number of spaces after *out* to 3.
      port_008: 78 : Change number of spaces after *out* to 3.
      port_008: 79 : Change number of spaces after *out* to 3.
      port_008: 80 : Change number of spaces after *out* to 3.
      port_008: 81 : Change number of spaces after *out* to 3.
      port_008: 82 : Change number of spaces after *out* to 3.
      port_008: 83 : Change number of spaces after *out* to 3.
      port_008: 84 : Change number of spaces after *out* to 3.
      port_008: 85 : Change number of spaces after *out* to 3.
      port_008: 88 : Change number of spaces after *out* to 3.
      port_008: 89 : Change number of spaces after *out* to 3.
      port_008: 90 : Change number of spaces after *out* to 3.
      port_008: 91 : Change number of spaces after *out* to 3.
      port_008: 96 : Change number of spaces after *out* to 3.
      port_008: 98 : Change number of spaces after *out* to 3.
      port_008: 99 : Change number of spaces after *out* to 3.
      port_008: 100 : Change number of spaces after *out* to 3.
      port_008: 101 : Change number of spaces after *out* to 3.
      port_008: 102 : Change number of spaces after *out* to 3.
      port_008: 103 : Change number of spaces after *out* to 3.
      port_008: 104 : Change number of spaces after *out* to 3.
      port_008: 105 : Change number of spaces after *out* to 3.
      port_008: 112 : Change number of spaces after *out* to 3.
      port_map_005: 693 : Move port assignment to it&apos;s own line.
      port_map_005: 721 : Move port assignment to it&apos;s own line.
      process_002: 234 : Add 1 space(s) between process and (
      process_002: 543 : Add 1 space(s) between process and (
      process_012: 234 : Add *is* keyword
      process_012: 543 : Add *is* keyword
      process_018: 540 : Add a label for the &quot;end process&quot;.
      process_018: 570 : Add a label for the &quot;end process&quot;.
      process_021: 544 : Add blank line above *begin* keyword
      process_022: 240 : Insert blank line below
      process_022: 544 : Insert blank line below
      process_023: 540 : Insert blank line above
      process_023: 570 : Insert blank line above
      process_027: 240 : Insert blank line above *begin* keyword
      record_type_definition_005: 194 : Add record type simple name
      record_type_definition_200: 143 : Remove blank lines below
      signal_004: 195 : Format r to match defined regex
      signal_004: 195 : Format r_next to match defined regex
      signal_200: 713 : Insert blank line below
      subprogram_body_202: 136 : Insert blank line above
      subprogram_body_203: 136 : Insert blank line below
      subprogram_body_204: 139 : Insert blank line above
      type_004: 142 : Format two_process_r to match defined regex
      type_010: 127 : Insert blank line above
      type_010: 128 : Insert blank line above
      type_010: 129 : Insert blank line above
      type_010: 130 : Insert blank line above
      variable_001: 235 : Use 8 spaces for indent
      variable_001: 236 : Use 8 spaces for indent
      variable_001: 237 : Use 8 spaces for indent
      variable_001: 238 : Use 8 spaces for indent
      variable_001: 239 : Use 8 spaces for indent
      whitespace_001: 35 : Remove trailing whitespace
      whitespace_001: 36 : Remove trailing whitespace
      whitespace_001: 37 : Remove trailing whitespace
      whitespace_001: 38 : Remove trailing whitespace
      whitespace_001: 40 : Remove trailing whitespace
      whitespace_001: 41 : Remove trailing whitespace
      whitespace_001: 42 : Remove trailing whitespace
      whitespace_001: 43 : Remove trailing whitespace
      whitespace_001: 44 : Remove trailing whitespace
      whitespace_001: 45 : Remove trailing whitespace
      whitespace_001: 49 : Remove trailing whitespace
      whitespace_001: 50 : Remove trailing whitespace
      whitespace_001: 52 : Remove trailing whitespace
      whitespace_001: 53 : Remove trailing whitespace
      whitespace_001: 54 : Remove trailing whitespace
      whitespace_001: 55 : Remove trailing whitespace
      whitespace_001: 56 : Remove trailing whitespace
      whitespace_001: 58 : Remove trailing whitespace
      whitespace_001: 59 : Remove trailing whitespace
      whitespace_001: 60 : Remove trailing whitespace
      whitespace_001: 61 : Remove trailing whitespace
      whitespace_001: 62 : Remove trailing whitespace
      whitespace_001: 64 : Remove trailing whitespace
      whitespace_001: 65 : Remove trailing whitespace
      whitespace_001: 66 : Remove trailing whitespace
      whitespace_001: 68 : Remove trailing whitespace
      whitespace_001: 70 : Remove trailing whitespace
      whitespace_001: 71 : Remove trailing whitespace
      whitespace_001: 73 : Remove trailing whitespace
      whitespace_001: 74 : Remove trailing whitespace
      whitespace_001: 75 : Remove trailing whitespace
      whitespace_001: 76 : Remove trailing whitespace
      whitespace_001: 78 : Remove trailing whitespace
      whitespace_001: 79 : Remove trailing whitespace
      whitespace_001: 80 : Remove trailing whitespace
      whitespace_001: 81 : Remove trailing whitespace
      whitespace_001: 83 : Remove trailing whitespace
      whitespace_001: 84 : Remove trailing whitespace
      whitespace_001: 86 : Remove trailing whitespace
      whitespace_001: 87 : Remove trailing whitespace
      whitespace_001: 92 : Remove trailing whitespace
      whitespace_001: 94 : Remove trailing whitespace
      whitespace_001: 95 : Remove trailing whitespace
      whitespace_001: 96 : Remove trailing whitespace
      whitespace_001: 98 : Remove trailing whitespace
      whitespace_001: 99 : Remove trailing whitespace
      whitespace_001: 100 : Remove trailing whitespace
      whitespace_001: 102 : Remove trailing whitespace
      whitespace_001: 103 : Remove trailing whitespace
      whitespace_001: 104 : Remove trailing whitespace
      whitespace_001: 106 : Remove trailing whitespace
      whitespace_001: 108 : Remove trailing whitespace
      whitespace_001: 109 : Remove trailing whitespace
      whitespace_001: 110 : Remove trailing whitespace
      whitespace_001: 111 : Remove trailing whitespace
      whitespace_001: 243 : Remove trailing whitespace
      whitespace_001: 246 : Remove trailing whitespace
      whitespace_001: 267 : Remove trailing whitespace
      whitespace_001: 284 : Remove trailing whitespace
      whitespace_001: 322 : Remove trailing whitespace
      whitespace_001: 388 : Remove trailing whitespace
      whitespace_001: 460 : Remove trailing whitespace
      whitespace_001: 535 : Remove trailing whitespace
      whitespace_001: 537 : Remove trailing whitespace
      whitespace_001: 689 : Remove trailing whitespace
      whitespace_001: 693 : Remove trailing whitespace
      whitespace_001: 719 : Remove trailing whitespace
      whitespace_001: 721 : Remove trailing whitespace
      whitespace_200: 575 : Remove 1 blank line(s) below
    </failure>
  </testcase>
  <testcase name="./src/axi/vhdl/olo_axi_master_simple.vhd" time="0">
    <failure type="Failure">
      architecture_024: 780 : Add architecture simple name
      block_002: 657 : Add *is* keyword
      block_002: 718 : Add *is* keyword
      block_007: 686 : Add label
      block_007: 749 : Add label
      block_202: 660 : Insert blank line above
      block_202: 720 : Insert blank line above
      block_203: 660 : Insert blank line below
      block_203: 720 : Insert blank line below
      block_204: 686 : Insert blank line above
      block_204: 749 : Insert blank line above
      block_300: 718 : Use 12 spaces for indent
      block_301: 720 : Use 12 spaces for indent
      block_302: 749 : Use 12 spaces for indent
      case_007: 260 : Insert blank line above
      case_007: 311 : Insert blank line above
      case_007: 361 : Insert blank line above
      case_007: 435 : Insert blank line above
      case_007: 486 : Insert blank line above
      comment_010: 382 : Use 24 spaces for indent
      comment_010: 688 : Use 12 spaces for indent
      comment_010: 706 : Use 8 spaces for indent
      comment_010: 714 : Use 8 spaces for indent
      comment_010: 717 : Use 12 spaces for indent
      comment_010: 721 : Use 16 spaces for indent
      comment_010: 723 : Use 16 spaces for indent
      comment_010: 726 : Use 16 spaces for indent
      comment_010: 744 : Use 16 spaces for indent
      comment_010: 751 : Use 16 spaces for indent
      comment_010: 773 : Use 12 spaces for indent
      concurrent_001: 708 : Use 12 spaces for indent
      concurrent_001: 709 : Use 12 spaces for indent
      concurrent_001: 710 : Use 12 spaces for indent
      concurrent_001: 711 : Use 12 spaces for indent
      concurrent_001: 722 : Use 16 spaces for indent
      concurrent_001: 724 : Use 16 spaces for indent
      concurrent_001: 745 : Use 16 spaces for indent
      concurrent_001: 746 : Use 16 spaces for indent
      concurrent_001: 747 : Use 16 spaces for indent
      concurrent_001: 748 : Use 16 spaces for indent
      concurrent_001: 752 : Use 16 spaces for indent
      concurrent_001: 753 : Use 16 spaces for indent
      concurrent_001: 775 : Use 16 spaces for indent
      concurrent_001: 776 : Use 16 spaces for indent
      concurrent_001: 777 : Use 16 spaces for indent
      entity_019: 114 : Add entity simple name
      function_017: 139 : Format AddrMasked_f to match defined regex
      function_020: 145 : Add function designator
      function_100: 139 : Add 1 space(s) between AddrMasked_f and (
      generate_001: 707 : Use 8 spaces for indent
      generate_001: 715 : Use 8 spaces for indent
      generate_001: 774 : Use 12 spaces for indent
      generate_007: 704 : Use 8 spaces for indent
      generate_007: 712 : Use 8 spaces for indent
      generate_007: 771 : Use 12 spaces for indent
      generate_007: 778 : Use 12 spaces for indent
      generate_011: 704 : Add label g_write
      generate_011: 712 : Add label g_nwrite
      generate_011: 771 : Add label g_read
      generate_011: 778 : Add label g_nread
      generic_003: 33 : Change the number of space(s) between generic and ( to 0
      generic_map_006: 640 : Change the number of space(s) between map and ( to 0
      generic_map_006: 645 : Change the number of space(s) between map and ( to 0
      generic_map_006: 664 : Change the number of space(s) between map and ( to 0
      generic_map_006: 669 : Change the number of space(s) between map and ( to 0
      generic_map_006: 690 : Change the number of space(s) between map and ( to 0
      generic_map_006: 695 : Change the number of space(s) between map and ( to 0
      generic_map_006: 728 : Change the number of space(s) between map and ( to 0
      generic_map_006: 733 : Change the number of space(s) between map and ( to 0
      generic_map_006: 755 : Change the number of space(s) between map and ( to 0
      generic_map_006: 760 : Change the number of space(s) between map and ( to 0
      instantiation_001: 640 : Use 8 spaces for indent
      instantiation_001: 641 : Use 12 spaces for indent
      instantiation_001: 642 : Use 12 spaces for indent
      instantiation_001: 643 : Use 12 spaces for indent
      instantiation_001: 644 : Use 8 spaces for indent
      instantiation_001: 645 : Use 8 spaces for indent
      instantiation_001: 646 : Use 12 spaces for indent
      instantiation_001: 647 : Use 12 spaces for indent
      instantiation_001: 648 : Use 12 spaces for indent
      instantiation_001: 649 : Use 12 spaces for indent
      instantiation_001: 650 : Use 12 spaces for indent
      instantiation_001: 651 : Use 12 spaces for indent
      instantiation_001: 652 : Use 12 spaces for indent
      instantiation_001: 653 : Use 12 spaces for indent
      instantiation_001: 654 : Use 8 spaces for indent
      instantiation_001: 664 : Use 12 spaces for indent
      instantiation_001: 665 : Use 16 spaces for indent
      instantiation_001: 666 : Use 16 spaces for indent
      instantiation_001: 667 : Use 16 spaces for indent
      instantiation_001: 668 : Use 12 spaces for indent
      instantiation_001: 669 : Use 12 spaces for indent
      instantiation_001: 670 : Use 16 spaces for indent
      instantiation_001: 671 : Use 16 spaces for indent
      instantiation_001: 672 : Use 16 spaces for indent
      instantiation_001: 673 : Use 16 spaces for indent
      instantiation_001: 674 : Use 16 spaces for indent
      instantiation_001: 675 : Use 16 spaces for indent
      instantiation_001: 676 : Use 16 spaces for indent
      instantiation_001: 677 : Use 16 spaces for indent
      instantiation_001: 678 : Use 12 spaces for indent
      instantiation_001: 689 : Use 12 spaces for indent
      instantiation_001: 727 : Use 16 spaces for indent
      instantiation_001: 754 : Use 16 spaces for indent
      instantiation_001: 755 : Use 16 spaces for indent
      instantiation_001: 756 : Use 20 spaces for indent
      instantiation_001: 757 : Use 20 spaces for indent
      instantiation_001: 758 : Use 20 spaces for indent
      instantiation_001: 759 : Use 16 spaces for indent
      instantiation_001: 760 : Use 16 spaces for indent
      instantiation_001: 761 : Use 20 spaces for indent
      instantiation_001: 762 : Use 20 spaces for indent
      instantiation_001: 763 : Use 20 spaces for indent
      instantiation_001: 764 : Use 20 spaces for indent
      instantiation_001: 765 : Use 20 spaces for indent
      instantiation_001: 766 : Use 20 spaces for indent
      instantiation_001: 767 : Use 20 spaces for indent
      instantiation_001: 768 : Use 20 spaces for indent
      instantiation_001: 769 : Use 16 spaces for indent
      instantiation_004: 639 : Insert blank line above
      instantiation_004: 663 : Insert blank line above
      instantiation_004: 754 : Insert blank line above
      instantiation_010: 758 : Move =&gt; 1 columns
      instantiation_019: 678 : Insert blank line below
      instantiation_019: 703 : Insert blank line below
      port_003: 46 : Change the number of space(s) between port and ( to 0
      port_007: 48 : Change number of spaces after *in* to 4.
      port_007: 49 : Change number of spaces after *in* to 4.
      port_007: 51 : Change number of spaces after *in* to 4.
      port_007: 52 : Change number of spaces after *in* to 4.
      port_007: 53 : Change number of spaces after *in* to 4.
      port_007: 54 : Change number of spaces after *in* to 4.
      port_007: 57 : Change number of spaces after *in* to 4.
      port_007: 58 : Change number of spaces after *in* to 4.
      port_007: 59 : Change number of spaces after *in* to 4.
      port_007: 60 : Change number of spaces after *in* to 4.
      port_007: 63 : Change number of spaces after *in* to 4.
      port_007: 64 : Change number of spaces after *in* to 4.
      port_007: 65 : Change number of spaces after *in* to 4.
      port_007: 71 : Change number of spaces after *in* to 4.
      port_007: 86 : Change number of spaces after *in* to 4.
      port_007: 92 : Change number of spaces after *in* to 4.
      port_007: 94 : Change number of spaces after *in* to 4.
      port_007: 95 : Change number of spaces after *in* to 4.
      port_007: 106 : Change number of spaces after *in* to 4.
      port_007: 108 : Change number of spaces after *in* to 4.
      port_007: 109 : Change number of spaces after *in* to 4.
      port_007: 110 : Change number of spaces after *in* to 4.
      port_007: 111 : Change number of spaces after *in* to 4.
      port_008: 55 : Change number of spaces after *out* to 3.
      port_008: 61 : Change number of spaces after *out* to 3.
      port_008: 66 : Change number of spaces after *out* to 3.
      port_008: 68 : Change number of spaces after *out* to 3.
      port_008: 69 : Change number of spaces after *out* to 3.
      port_008: 70 : Change number of spaces after *out* to 3.
      port_008: 73 : Change number of spaces after *out* to 3.
      port_008: 74 : Change number of spaces after *out* to 3.
      port_008: 75 : Change number of spaces after *out* to 3.
      port_008: 76 : Change number of spaces after *out* to 3.
      port_008: 78 : Change number of spaces after *out* to 3.
      port_008: 79 : Change number of spaces after *out* to 3.
      port_008: 80 : Change number of spaces after *out* to 3.
      port_008: 81 : Change number of spaces after *out* to 3.
      port_008: 82 : Change number of spaces after *out* to 3.
      port_008: 83 : Change number of spaces after *out* to 3.
      port_008: 84 : Change number of spaces after *out* to 3.
      port_008: 85 : Change number of spaces after *out* to 3.
      port_008: 88 : Change number of spaces after *out* to 3.
      port_008: 89 : Change number of spaces after *out* to 3.
      port_008: 90 : Change number of spaces after *out* to 3.
      port_008: 91 : Change number of spaces after *out* to 3.
      port_008: 96 : Change number of spaces after *out* to 3.
      port_008: 98 : Change number of spaces after *out* to 3.
      port_008: 99 : Change number of spaces after *out* to 3.
      port_008: 100 : Change number of spaces after *out* to 3.
      port_008: 101 : Change number of spaces after *out* to 3.
      port_008: 102 : Change number of spaces after *out* to 3.
      port_008: 103 : Change number of spaces after *out* to 3.
      port_008: 104 : Change number of spaces after *out* to 3.
      port_008: 105 : Change number of spaces after *out* to 3.
      port_008: 112 : Change number of spaces after *out* to 3.
      port_map_004: 703 : Move ) to next line.
      process_002: 244 : Add 1 space(s) between process and (
      process_002: 558 : Add 1 space(s) between process and (
      process_006: 555 : Use 4 spaces for indent
      process_012: 244 : Add *is* keyword
      process_012: 558 : Add *is* keyword
      process_018: 555 : Add a label for the &quot;end process&quot;.
      process_018: 600 : Add a label for the &quot;end process&quot;.
      process_021: 559 : Add blank line above *begin* keyword
      process_022: 251 : Insert blank line below
      process_022: 559 : Insert blank line below
      process_023: 555 : Insert blank line above
      process_023: 600 : Insert blank line above
      process_027: 251 : Insert blank line above *begin* keyword
      record_type_definition_005: 217 : Add record type simple name
      record_type_definition_200: 149 : Remove blank lines below
      signal_001: 719 : Use 16 spaces for indent
      signal_004: 218 : Format r to match defined regex
      signal_004: 218 : Format r_next to match defined regex
      signal_200: 659 : Insert blank line below
      signal_200: 719 : Insert blank line below
      subprogram_body_202: 141 : Insert blank line above
      subprogram_body_203: 141 : Insert blank line below
      subprogram_body_204: 145 : Insert blank line above
      subtype_501: 125 : Format Trans_AddrRange_c to match defined regex
      subtype_501: 126 : Format Trans_BurstRange_c to match defined regex
      type_004: 132 : Format WriteTfGen_s to match defined regex
      type_004: 133 : Format ReadTfGen_s to match defined regex
      type_004: 134 : Format AwFsm_s to match defined regex
      type_004: 135 : Format ArFsm_s to match defined regex
      type_004: 136 : Format WFsm_s to match defined regex
      type_004: 148 : Format two_process_r to match defined regex
      type_010: 133 : Insert blank line above
      type_010: 134 : Insert blank line above
      type_010: 135 : Insert blank line above
      type_010: 136 : Insert blank line above
      type_400: 152 : Move : 1 columns
      type_400: 153 : Move : 2 columns
      type_400: 154 : Move : 2 columns
      type_400: 189 : Move : 1 columns
      type_400: 190 : Move : 2 columns
      type_400: 191 : Move : 2 columns
      type_600: 132 : Suffix WriteTfGen_s with one of the following: _r, _t, _a
      type_600: 133 : Suffix ReadTfGen_s with one of the following: _r, _t, _a
      type_600: 134 : Suffix AwFsm_s with one of the following: _r, _t, _a
      type_600: 135 : Suffix ArFsm_s with one of the following: _r, _t, _a
      type_600: 136 : Suffix WFsm_s with one of the following: _r, _t, _a
      whitespace_001: 35 : Remove trailing whitespace
      whitespace_001: 36 : Remove trailing whitespace
      whitespace_001: 37 : Remove trailing whitespace
      whitespace_001: 38 : Remove trailing whitespace
      whitespace_001: 40 : Remove trailing whitespace
      whitespace_001: 41 : Remove trailing whitespace
      whitespace_001: 42 : Remove trailing whitespace
      whitespace_001: 43 : Remove trailing whitespace
      whitespace_001: 44 : Remove trailing whitespace
      whitespace_001: 48 : Remove trailing whitespace
      whitespace_001: 49 : Remove trailing whitespace
      whitespace_001: 51 : Remove trailing whitespace
      whitespace_001: 52 : Remove trailing whitespace
      whitespace_001: 53 : Remove trailing whitespace
      whitespace_001: 54 : Remove trailing whitespace
      whitespace_001: 55 : Remove trailing whitespace
      whitespace_001: 57 : Remove trailing whitespace
      whitespace_001: 58 : Remove trailing whitespace
      whitespace_001: 59 : Remove trailing whitespace
      whitespace_001: 60 : Remove trailing whitespace
      whitespace_001: 61 : Remove trailing whitespace
      whitespace_001: 65 : Remove trailing whitespace
      whitespace_001: 66 : Remove trailing whitespace
      whitespace_001: 68 : Remove trailing whitespace
      whitespace_001: 69 : Remove trailing whitespace
      whitespace_001: 70 : Remove trailing whitespace
      whitespace_001: 71 : Remove trailing whitespace
      whitespace_001: 73 : Remove trailing whitespace
      whitespace_001: 74 : Remove trailing whitespace
      whitespace_001: 75 : Remove trailing whitespace
      whitespace_001: 76 : Remove trailing whitespace
      whitespace_001: 78 : Remove trailing whitespace
      whitespace_001: 79 : Remove trailing whitespace
      whitespace_001: 80 : Remove trailing whitespace
      whitespace_001: 81 : Remove trailing whitespace
      whitespace_001: 82 : Remove trailing whitespace
      whitespace_001: 83 : Remove trailing whitespace
      whitespace_001: 84 : Remove trailing whitespace
      whitespace_001: 85 : Remove trailing whitespace
      whitespace_001: 86 : Remove trailing whitespace
      whitespace_001: 87 : Remove trailing whitespace
      whitespace_001: 88 : Remove trailing whitespace
      whitespace_001: 89 : Remove trailing whitespace
      whitespace_001: 90 : Remove trailing whitespace
      whitespace_001: 91 : Remove trailing whitespace
      whitespace_001: 92 : Remove trailing whitespace
      whitespace_001: 94 : Remove trailing whitespace
      whitespace_001: 95 : Remove trailing whitespace
      whitespace_001: 96 : Remove trailing whitespace
      whitespace_001: 98 : Remove trailing whitespace
      whitespace_001: 99 : Remove trailing whitespace
      whitespace_001: 100 : Remove trailing whitespace
      whitespace_001: 101 : Remove trailing whitespace
      whitespace_001: 102 : Remove trailing whitespace
      whitespace_001: 103 : Remove trailing whitespace
      whitespace_001: 104 : Remove trailing whitespace
      whitespace_001: 105 : Remove trailing whitespace
      whitespace_001: 106 : Remove trailing whitespace
      whitespace_001: 107 : Remove trailing whitespace
      whitespace_001: 108 : Remove trailing whitespace
      whitespace_001: 109 : Remove trailing whitespace
      whitespace_001: 110 : Remove trailing whitespace
      whitespace_001: 111 : Remove trailing whitespace
      whitespace_001: 112 : Remove trailing whitespace
      whitespace_001: 254 : Remove trailing whitespace
      whitespace_001: 257 : Remove trailing whitespace
      whitespace_001: 270 : Remove trailing whitespace
      whitespace_001: 279 : Remove trailing whitespace
      whitespace_001: 290 : Remove trailing whitespace
      whitespace_001: 308 : Remove trailing whitespace
      whitespace_001: 327 : Remove trailing whitespace
      whitespace_001: 334 : Remove trailing whitespace
      whitespace_001: 356 : Remove trailing whitespace
      whitespace_001: 366 : Remove trailing whitespace
      whitespace_001: 389 : Remove trailing whitespace
      whitespace_001: 408 : Remove trailing whitespace
      whitespace_001: 427 : Remove trailing whitespace
      whitespace_001: 429 : Remove trailing whitespace
      whitespace_001: 432 : Remove trailing whitespace
      whitespace_001: 445 : Remove trailing whitespace
      whitespace_001: 454 : Remove trailing whitespace
      whitespace_001: 465 : Remove trailing whitespace
      whitespace_001: 483 : Remove trailing whitespace
      whitespace_001: 502 : Remove trailing whitespace
      whitespace_001: 509 : Remove trailing whitespace
      whitespace_001: 531 : Remove trailing whitespace
      whitespace_001: 550 : Remove trailing whitespace
      whitespace_001: 552 : Remove trailing whitespace
      whitespace_001: 723 : Remove trailing whitespace
      whitespace_001: 724 : Remove trailing whitespace
      whitespace_001: 745 : Remove trailing whitespace
    </failure>
  </testcase>
  <testcase name="./src/axi/vhdl/olo_axi_pkg_protocol.vhd" time="0">
    <failure type="Failure">
      constant_004: 25 : Format xRESP_OKAY_c to match defined regex
      constant_004: 26 : Format xRESP_EXOKAY_c to match defined regex
      constant_004: 27 : Format xRESP_SLVERR_c to match defined regex
      constant_004: 28 : Format xRESP_DECERR_c to match defined regex
      constant_004: 31 : Format xBURST_FIXED_c to match defined regex
      constant_004: 32 : Format xBURST_INCR_c to match defined regex
      constant_004: 33 : Format xBURST_WRAP_c to match defined regex
      constant_004: 36 : Format AxSIZE_1_c to match defined regex
      constant_004: 37 : Format AxSIZE_2_c to match defined regex
      constant_004: 38 : Format AxSIZE_4_c to match defined regex
      constant_004: 39 : Format AxSIZE_8_c to match defined regex
      constant_004: 40 : Format AxSIZE_16_c to match defined regex
      constant_004: 41 : Format AxSIZE_32_c to match defined regex
      constant_004: 42 : Format AxSIZE_64_c to match defined regex
      constant_004: 43 : Format AxSIZE_128_c to match defined regex
      package_007: 45 : Add *package* keyword
      package_016: 22 : Suffix olo_axi_pkg_protocol with one of the following: _pkg
      package_016: 45 : Suffix olo_axi_pkg_protocol with one of the following: _pkg
      package_019: 24 : Move Resp_t 1 columns
      package_019: 30 : Move Burst_t 1 columns
      package_019: 35 : Move Size_t 1 columns
      package_body_002: 52 : Add *package body* keywords
      package_body_600: 50 : Suffix olo_axi_pkg_protocol with one of the following: _pkg
      package_body_600: 52 : Suffix olo_axi_pkg_protocol with one of the following: _pkg
    </failure>
  </testcase>
  <testcase name="./src/axi/vhdl/olo_axi_pl_stage.vhd" time="0">
    <failure type="Failure">
      architecture_024: 403 : Add architecture simple name
      block_002: 156 : Add *is* keyword
      block_002: 220 : Add *is* keyword
      block_002: 261 : Add *is* keyword
      block_002: 298 : Add *is* keyword
      block_002: 361 : Add *is* keyword
      block_007: 215 : Add label
      block_007: 258 : Add label
      block_007: 295 : Add label
      block_007: 357 : Add label
      block_007: 401 : Add label
      block_202: 227 : Insert blank line above
      block_202: 267 : Insert blank line above
      block_202: 312 : Insert blank line above
      block_202: 369 : Insert blank line above
      block_203: 171 : Insert blank line below
      block_203: 267 : Insert blank line below
      block_203: 369 : Insert blank line below
      block_204: 215 : Insert blank line above
      block_204: 258 : Insert blank line above
      block_204: 295 : Insert blank line above
      block_204: 357 : Insert blank line above
      block_204: 401 : Insert blank line above
      block_300: 220 : Use 8 spaces for indent
      block_300: 261 : Use 12 spaces for indent
      block_300: 298 : Use 16 spaces for indent
      block_300: 361 : Use 20 spaces for indent
      block_301: 227 : Use 8 spaces for indent
      block_301: 267 : Use 12 spaces for indent
      block_301: 312 : Use 16 spaces for indent
      block_301: 369 : Use 20 spaces for indent
      block_302: 258 : Use 8 spaces for indent
      block_302: 295 : Use 12 spaces for indent
      block_302: 357 : Use 16 spaces for indent
      block_302: 401 : Use 20 spaces for indent
      block_400: 157 : Move AwProt_r 1 columns
      block_400: 158 : Move AwCache_r 1 columns
      block_400: 160 : Move AwBurst_r 1 columns
      block_400: 161 : Move AwSize_r 1 columns
      block_400: 162 : Move AwLen_r 1 columns
      block_400: 163 : Move AwAddr_r 1 columns
      block_400: 164 : Move AwId_r 1 columns
      block_400: 165 : Move AwQos_r 1 columns
      block_400: 166 : Move AwUser_r 1 columns
      block_400: 167 : Move AwRegion_r 1 columns
      block_400: 221 : Move WData_r 1 columns
      block_400: 222 : Move WStrb_r 1 columns
      block_400: 224 : Move WUser_r 1 columns
      block_400: 299 : Move ArProt_r 1 columns
      block_400: 300 : Move ArCache_r 1 columns
      block_400: 302 : Move ArBurst_r 1 columns
      block_400: 303 : Move ArSize_r 1 columns
      block_400: 304 : Move ArLen_r 1 columns
      block_400: 305 : Move ArAddr_r 1 columns
      block_400: 306 : Move ArId_r 1 columns
      block_400: 307 : Move ArQos_r 1 columns
      block_400: 308 : Move ArUser_r 1 columns
      block_400: 309 : Move ArRegion_r 1 columns
      block_400: 362 : Move RData_r 1 columns
      block_400: 364 : Move RResp_r 1 columns
      block_400: 365 : Move RId_r 1 columns
      block_400: 366 : Move RUser_r 1 columns
      comment_010: 219 : Use 8 spaces for indent
      comment_010: 229 : Use 12 spaces for indent
      comment_010: 235 : Use 12 spaces for indent
      comment_010: 253 : Use 12 spaces for indent
      comment_010: 260 : Use 12 spaces for indent
      comment_010: 268 : Use 16 spaces for indent
      comment_010: 273 : Use 16 spaces for indent
      comment_010: 291 : Use 16 spaces for indent
      comment_010: 297 : Use 16 spaces for indent
      comment_010: 314 : Use 20 spaces for indent
      comment_010: 327 : Use 20 spaces for indent
      comment_010: 345 : Use 20 spaces for indent
      comment_010: 360 : Use 20 spaces for indent
      comment_010: 370 : Use 24 spaces for indent
      comment_010: 377 : Use 24 spaces for indent
      comment_010: 395 : Use 24 spaces for indent
      concurrent_001: 230 : Use 12 spaces for indent
      concurrent_001: 231 : Use 12 spaces for indent
      concurrent_001: 232 : Use 12 spaces for indent
      concurrent_001: 233 : Use 12 spaces for indent
      concurrent_001: 254 : Use 12 spaces for indent
      concurrent_001: 255 : Use 12 spaces for indent
      concurrent_001: 256 : Use 12 spaces for indent
      concurrent_001: 257 : Use 12 spaces for indent
      concurrent_001: 269 : Use 16 spaces for indent
      concurrent_001: 270 : Use 16 spaces for indent
      concurrent_001: 271 : Use 16 spaces for indent
      concurrent_001: 292 : Use 16 spaces for indent
      concurrent_001: 293 : Use 16 spaces for indent
      concurrent_001: 294 : Use 16 spaces for indent
      concurrent_001: 315 : Use 20 spaces for indent
      concurrent_001: 316 : Use 20 spaces for indent
      concurrent_001: 317 : Use 20 spaces for indent
      concurrent_001: 318 : Use 20 spaces for indent
      concurrent_001: 319 : Use 20 spaces for indent
      concurrent_001: 320 : Use 20 spaces for indent
      concurrent_001: 321 : Use 20 spaces for indent
      concurrent_001: 322 : Use 20 spaces for indent
      concurrent_001: 323 : Use 20 spaces for indent
      concurrent_001: 324 : Use 20 spaces for indent
      concurrent_001: 325 : Use 20 spaces for indent
      concurrent_001: 346 : Use 20 spaces for indent
      concurrent_001: 347 : Use 20 spaces for indent
      concurrent_001: 348 : Use 20 spaces for indent
      concurrent_001: 349 : Use 20 spaces for indent
      concurrent_001: 350 : Use 20 spaces for indent
      concurrent_001: 351 : Use 20 spaces for indent
      concurrent_001: 352 : Use 20 spaces for indent
      concurrent_001: 353 : Use 20 spaces for indent
      concurrent_001: 354 : Use 20 spaces for indent
      concurrent_001: 355 : Use 20 spaces for indent
      concurrent_001: 356 : Use 20 spaces for indent
      concurrent_001: 371 : Use 24 spaces for indent
      concurrent_001: 372 : Use 24 spaces for indent
      concurrent_001: 373 : Use 24 spaces for indent
      concurrent_001: 374 : Use 24 spaces for indent
      concurrent_001: 375 : Use 24 spaces for indent
      concurrent_001: 396 : Use 24 spaces for indent
      concurrent_001: 397 : Use 24 spaces for indent
      concurrent_001: 398 : Use 24 spaces for indent
      concurrent_001: 399 : Use 24 spaces for indent
      concurrent_001: 400 : Use 24 spaces for indent
      constant_001: 223 : Use 12 spaces for indent
      constant_001: 301 : Use 20 spaces for indent
      constant_001: 363 : Use 24 spaces for indent
      constant_004: 159 : Format AwLock_r to match defined regex
      constant_004: 223 : Format WLast_r to match defined regex
      constant_004: 301 : Format ArLock_r to match defined regex
      constant_004: 363 : Format RLast_r to match defined regex
      constant_600: 159 : Suffix AwLock_r with one of the following: _c
      constant_600: 223 : Suffix WLast_r with one of the following: _c
      constant_600: 301 : Suffix ArLock_r with one of the following: _c
      constant_600: 363 : Suffix RLast_r with one of the following: _c
      entity_017: 33 : Move : 1 columns
      entity_017: 34 : Move : 1 columns
      entity_019: 138 : Add entity simple name
      generic_003: 24 : Change the number of space(s) between generic and ( to 0
      generic_map_006: 187 : Change the number of space(s) between map and ( to 0
      generic_map_006: 237 : Change the number of space(s) between map and ( to 0
      instantiation_001: 187 : Use 8 spaces for indent
      instantiation_001: 188 : Use 12 spaces for indent
      instantiation_001: 189 : Use 12 spaces for indent
      instantiation_001: 190 : Use 12 spaces for indent
      instantiation_001: 191 : Use 8 spaces for indent
      instantiation_001: 192 : Use 8 spaces for indent
      instantiation_001: 193 : Use 12 spaces for indent
      instantiation_001: 194 : Use 12 spaces for indent
      instantiation_001: 195 : Use 12 spaces for indent
      instantiation_001: 196 : Use 12 spaces for indent
      instantiation_001: 197 : Use 12 spaces for indent
      instantiation_001: 198 : Use 12 spaces for indent
      instantiation_001: 199 : Use 12 spaces for indent
      instantiation_001: 200 : Use 12 spaces for indent
      instantiation_001: 201 : Use 8 spaces for indent
      instantiation_001: 236 : Use 12 spaces for indent
      instantiation_001: 274 : Use 16 spaces for indent
      instantiation_001: 275 : Use 16 spaces for indent
      instantiation_001: 276 : Use 20 spaces for indent
      instantiation_001: 277 : Use 20 spaces for indent
      instantiation_001: 278 : Use 20 spaces for indent
      instantiation_001: 279 : Use 16 spaces for indent
      instantiation_001: 280 : Use 16 spaces for indent
      instantiation_001: 281 : Use 20 spaces for indent
      instantiation_001: 282 : Use 20 spaces for indent
      instantiation_001: 283 : Use 20 spaces for indent
      instantiation_001: 284 : Use 20 spaces for indent
      instantiation_001: 285 : Use 20 spaces for indent
      instantiation_001: 286 : Use 20 spaces for indent
      instantiation_001: 287 : Use 20 spaces for indent
      instantiation_001: 288 : Use 20 spaces for indent
      instantiation_001: 289 : Use 16 spaces for indent
      instantiation_001: 328 : Use 20 spaces for indent
      instantiation_001: 329 : Use 20 spaces for indent
      instantiation_001: 330 : Use 24 spaces for indent
      instantiation_001: 331 : Use 24 spaces for indent
      instantiation_001: 332 : Use 24 spaces for indent
      instantiation_001: 333 : Use 20 spaces for indent
      instantiation_001: 334 : Use 20 spaces for indent
      instantiation_001: 335 : Use 24 spaces for indent
      instantiation_001: 336 : Use 24 spaces for indent
      instantiation_001: 337 : Use 24 spaces for indent
      instantiation_001: 338 : Use 24 spaces for indent
      instantiation_001: 339 : Use 24 spaces for indent
      instantiation_001: 340 : Use 24 spaces for indent
      instantiation_001: 341 : Use 24 spaces for indent
      instantiation_001: 342 : Use 24 spaces for indent
      instantiation_001: 343 : Use 20 spaces for indent
      instantiation_001: 378 : Use 24 spaces for indent
      instantiation_001: 379 : Use 24 spaces for indent
      instantiation_001: 380 : Use 28 spaces for indent
      instantiation_001: 381 : Use 28 spaces for indent
      instantiation_001: 382 : Use 28 spaces for indent
      instantiation_001: 383 : Use 24 spaces for indent
      instantiation_001: 384 : Use 24 spaces for indent
      instantiation_001: 385 : Use 28 spaces for indent
      instantiation_001: 386 : Use 28 spaces for indent
      instantiation_001: 387 : Use 28 spaces for indent
      instantiation_001: 388 : Use 28 spaces for indent
      instantiation_001: 389 : Use 28 spaces for indent
      instantiation_001: 390 : Use 28 spaces for indent
      instantiation_001: 391 : Use 28 spaces for indent
      instantiation_001: 392 : Use 28 spaces for indent
      instantiation_001: 393 : Use 24 spaces for indent
      instantiation_004: 234 : Insert blank line above
      instantiation_004: 326 : Insert blank line above
      port_003: 31 : Change the number of space(s) between port and ( to 0
      port_007: 33 : Change number of spaces after *in* to 4.
      port_007: 34 : Change number of spaces after *in* to 4.
      port_007: 38 : Change number of spaces after *in* to 4.
      port_007: 39 : Change number of spaces after *in* to 4.
      port_007: 40 : Change number of spaces after *in* to 4.
      port_007: 42 : Change number of spaces after *in* to 4.
      port_007: 43 : Change number of spaces after *in* to 4.
      port_007: 44 : Change number of spaces after *in* to 4.
      port_007: 45 : Change number of spaces after *in* to 4.
      port_007: 46 : Change number of spaces after *in* to 4.
      port_007: 47 : Change number of spaces after *in* to 4.
      port_007: 48 : Change number of spaces after *in* to 4.
      port_007: 49 : Change number of spaces after *in* to 4.
      port_007: 50 : Change number of spaces after *in* to 4.
      port_007: 52 : Change number of spaces after *in* to 4.
      port_007: 53 : Change number of spaces after *in* to 4.
      port_007: 54 : Change number of spaces after *in* to 4.
      port_007: 56 : Change number of spaces after *in* to 4.
      port_007: 57 : Change number of spaces after *in* to 4.
      port_007: 62 : Change number of spaces after *in* to 4.
      port_007: 65 : Change number of spaces after *in* to 4.
      port_007: 66 : Change number of spaces after *in* to 4.
      port_007: 67 : Change number of spaces after *in* to 4.
      port_007: 69 : Change number of spaces after *in* to 4.
      port_007: 70 : Change number of spaces after *in* to 4.
      port_007: 71 : Change number of spaces after *in* to 4.
      port_007: 72 : Change number of spaces after *in* to 4.
      port_007: 73 : Change number of spaces after *in* to 4.
      port_007: 74 : Change number of spaces after *in* to 4.
      port_007: 75 : Change number of spaces after *in* to 4.
      port_007: 76 : Change number of spaces after *in* to 4.
      port_007: 77 : Change number of spaces after *in* to 4.
      port_007: 82 : Change number of spaces after *in* to 4.
      port_007: 92 : Change number of spaces after *in* to 4.
      port_007: 106 : Change number of spaces after *in* to 4.
      port_007: 110 : Change number of spaces after *in* to 4.
      port_007: 111 : Change number of spaces after *in* to 4.
      port_007: 112 : Change number of spaces after *in* to 4.
      port_007: 114 : Change number of spaces after *in* to 4.
      port_007: 119 : Change number of spaces after *in* to 4.
      port_007: 130 : Change number of spaces after *in* to 4.
      port_007: 131 : Change number of spaces after *in* to 4.
      port_007: 132 : Change number of spaces after *in* to 4.
      port_007: 134 : Change number of spaces after *in* to 4.
      port_007: 135 : Change number of spaces after *in* to 4.
      port_007: 136 : Change number of spaces after *in* to 4.
      port_008: 41 : Change number of spaces after *out* to 3.
      port_008: 55 : Change number of spaces after *out* to 3.
      port_008: 59 : Change number of spaces after *out* to 3.
      port_008: 60 : Change number of spaces after *out* to 3.
      port_008: 61 : Change number of spaces after *out* to 3.
      port_008: 63 : Change number of spaces after *out* to 3.
      port_008: 68 : Change number of spaces after *out* to 3.
      port_008: 79 : Change number of spaces after *out* to 3.
      port_008: 80 : Change number of spaces after *out* to 3.
      port_008: 81 : Change number of spaces after *out* to 3.
      port_008: 83 : Change number of spaces after *out* to 3.
      port_008: 84 : Change number of spaces after *out* to 3.
      port_008: 85 : Change number of spaces after *out* to 3.
      port_008: 89 : Change number of spaces after *out* to 3.
      port_008: 90 : Change number of spaces after *out* to 3.
      port_008: 91 : Change number of spaces after *out* to 3.
      port_008: 93 : Change number of spaces after *out* to 3.
      port_008: 94 : Change number of spaces after *out* to 3.
      port_008: 95 : Change number of spaces after *out* to 3.
      port_008: 96 : Change number of spaces after *out* to 3.
      port_008: 97 : Change number of spaces after *out* to 3.
      port_008: 98 : Change number of spaces after *out* to 3.
      port_008: 99 : Change number of spaces after *out* to 3.
      port_008: 100 : Change number of spaces after *out* to 3.
      port_008: 101 : Change number of spaces after *out* to 3.
      port_008: 103 : Change number of spaces after *out* to 3.
      port_008: 104 : Change number of spaces after *out* to 3.
      port_008: 105 : Change number of spaces after *out* to 3.
      port_008: 107 : Change number of spaces after *out* to 3.
      port_008: 108 : Change number of spaces after *out* to 3.
      port_008: 113 : Change number of spaces after *out* to 3.
      port_008: 116 : Change number of spaces after *out* to 3.
      port_008: 117 : Change number of spaces after *out* to 3.
      port_008: 118 : Change number of spaces after *out* to 3.
      port_008: 120 : Change number of spaces after *out* to 3.
      port_008: 121 : Change number of spaces after *out* to 3.
      port_008: 122 : Change number of spaces after *out* to 3.
      port_008: 123 : Change number of spaces after *out* to 3.
      port_008: 124 : Change number of spaces after *out* to 3.
      port_008: 125 : Change number of spaces after *out* to 3.
      port_008: 126 : Change number of spaces after *out* to 3.
      port_008: 127 : Change number of spaces after *out* to 3.
      port_008: 128 : Change number of spaces after *out* to 3.
      port_008: 133 : Change number of spaces after *out* to 3.
      signal_001: 226 : Use 12 spaces for indent
      signal_001: 266 : Use 16 spaces for indent
      signal_001: 311 : Use 20 spaces for indent
      signal_001: 368 : Use 24 spaces for indent
      signal_200: 226 : Insert blank line below
      signal_200: 266 : Insert blank line below
      signal_200: 311 : Insert blank line below
      signal_200: 368 : Insert blank line below
      subtype_001: 221 : Use 12 spaces for indent
      subtype_001: 222 : Use 12 spaces for indent
      subtype_001: 224 : Use 12 spaces for indent
      subtype_001: 262 : Use 16 spaces for indent
      subtype_001: 263 : Use 16 spaces for indent
      subtype_001: 264 : Use 16 spaces for indent
      subtype_001: 299 : Use 20 spaces for indent
      subtype_001: 300 : Use 20 spaces for indent
      subtype_001: 302 : Use 20 spaces for indent
      subtype_001: 303 : Use 20 spaces for indent
      subtype_001: 304 : Use 20 spaces for indent
      subtype_001: 305 : Use 20 spaces for indent
      subtype_001: 306 : Use 20 spaces for indent
      subtype_001: 307 : Use 20 spaces for indent
      subtype_001: 308 : Use 20 spaces for indent
      subtype_001: 309 : Use 20 spaces for indent
      subtype_001: 362 : Use 24 spaces for indent
      subtype_001: 364 : Use 24 spaces for indent
      subtype_001: 365 : Use 24 spaces for indent
      subtype_001: 366 : Use 24 spaces for indent
      subtype_501: 157 : Format AwProt_r to match defined regex
      subtype_501: 158 : Format AwCache_r to match defined regex
      subtype_501: 160 : Format AwBurst_r to match defined regex
      subtype_501: 161 : Format AwSize_r to match defined regex
      subtype_501: 162 : Format AwLen_r to match defined regex
      subtype_501: 163 : Format AwAddr_r to match defined regex
      subtype_501: 164 : Format AwId_r to match defined regex
      subtype_501: 165 : Format AwQos_r to match defined regex
      subtype_501: 166 : Format AwUser_r to match defined regex
      subtype_501: 167 : Format AwRegion_r to match defined regex
      subtype_501: 221 : Format WData_r to match defined regex
      subtype_501: 222 : Format WStrb_r to match defined regex
      subtype_501: 224 : Format WUser_r to match defined regex
      subtype_501: 262 : Format BResp_r to match defined regex
      subtype_501: 263 : Format BId_r to match defined regex
      subtype_501: 264 : Format BUser_r to match defined regex
      subtype_501: 299 : Format ArProt_r to match defined regex
      subtype_501: 300 : Format ArCache_r to match defined regex
      subtype_501: 302 : Format ArBurst_r to match defined regex
      subtype_501: 303 : Format ArSize_r to match defined regex
      subtype_501: 304 : Format ArLen_r to match defined regex
      subtype_501: 305 : Format ArAddr_r to match defined regex
      subtype_501: 306 : Format ArId_r to match defined regex
      subtype_501: 307 : Format ArQos_r to match defined regex
      subtype_501: 308 : Format ArUser_r to match defined regex
      subtype_501: 309 : Format ArRegion_r to match defined regex
      subtype_501: 362 : Format RData_r to match defined regex
      subtype_501: 364 : Format RResp_r to match defined regex
      subtype_501: 365 : Format RId_r to match defined regex
      subtype_501: 366 : Format RUser_r to match defined regex
      subtype_600: 157 : Suffix AwProt_r with one of the following: _t, _c
      subtype_600: 158 : Suffix AwCache_r with one of the following: _t, _c
      subtype_600: 160 : Suffix AwBurst_r with one of the following: _t, _c
      subtype_600: 161 : Suffix AwSize_r with one of the following: _t, _c
      subtype_600: 162 : Suffix AwLen_r with one of the following: _t, _c
      subtype_600: 163 : Suffix AwAddr_r with one of the following: _t, _c
      subtype_600: 164 : Suffix AwId_r with one of the following: _t, _c
      subtype_600: 165 : Suffix AwQos_r with one of the following: _t, _c
      subtype_600: 166 : Suffix AwUser_r with one of the following: _t, _c
      subtype_600: 167 : Suffix AwRegion_r with one of the following: _t, _c
      subtype_600: 221 : Suffix WData_r with one of the following: _t, _c
      subtype_600: 222 : Suffix WStrb_r with one of the following: _t, _c
      subtype_600: 224 : Suffix WUser_r with one of the following: _t, _c
      subtype_600: 262 : Suffix BResp_r with one of the following: _t, _c
      subtype_600: 263 : Suffix BId_r with one of the following: _t, _c
      subtype_600: 264 : Suffix BUser_r with one of the following: _t, _c
      subtype_600: 299 : Suffix ArProt_r with one of the following: _t, _c
      subtype_600: 300 : Suffix ArCache_r with one of the following: _t, _c
      subtype_600: 302 : Suffix ArBurst_r with one of the following: _t, _c
      subtype_600: 303 : Suffix ArSize_r with one of the following: _t, _c
      subtype_600: 304 : Suffix ArLen_r with one of the following: _t, _c
      subtype_600: 305 : Suffix ArAddr_r with one of the following: _t, _c
      subtype_600: 306 : Suffix ArId_r with one of the following: _t, _c
      subtype_600: 307 : Suffix ArQos_r with one of the following: _t, _c
      subtype_600: 308 : Suffix ArUser_r with one of the following: _t, _c
      subtype_600: 309 : Suffix ArRegion_r with one of the following: _t, _c
      subtype_600: 362 : Suffix RData_r with one of the following: _t, _c
      subtype_600: 364 : Suffix RResp_r with one of the following: _t, _c
      subtype_600: 365 : Suffix RId_r with one of the following: _t, _c
      subtype_600: 366 : Suffix RUser_r with one of the following: _t, _c
      whitespace_001: 38 : Remove trailing whitespace
      whitespace_001: 211 : Remove trailing whitespace
      whitespace_001: 234 : Remove trailing whitespace
      whitespace_001: 326 : Remove trailing whitespace
      whitespace_001: 370 : Remove trailing whitespace
      whitespace_200: 216 : Remove 2 blank line(s) below
      whitespace_200: 358 : Remove 1 blank line(s) below
    </failure>
  </testcase>
  <testcase name="./src/base/vhdl/olo_base_arb_prio.vhd" time="0">
    <failure type="Failure">
      architecture_024: 90 : Add architecture simple name
      entity_019: 40 : Add entity simple name
      generate_007: 88 : Use 4 spaces for indent
      generate_011: 82 : Add label g_reg
      generate_011: 87 : Add label g_nreg
      generate_011: 88 : Add label g_non_zero
      generic_003: 30 : Change the number of space(s) between generic and ( to 0
      port_003: 34 : Change the number of space(s) between port and ( to 0
      port_007: 35 : Change number of spaces after *in* to 4.
      port_007: 36 : Change number of spaces after *in* to 4.
      port_007: 37 : Change number of spaces after *in* to 4.
      port_008: 38 : Change number of spaces after *out* to 3.
      port_016: 34 : Move port parameter to the next line.
      process_002: 58 : Add 1 space(s) between process and (
      process_002: 70 : Add 1 space(s) between process and (
      process_011: 80 : Insert blank line below
      process_012: 58 : Add *is* keyword
      process_012: 70 : Add *is* keyword
      process_015: 70 : Insert blank line above
      process_018: 66 : Add a label for the &quot;end process&quot;.
      process_018: 80 : Add a label for the &quot;end process&quot;.
      process_021: 71 : Add blank line above *begin* keyword
      process_022: 60 : Insert blank line below
      process_022: 71 : Insert blank line below
      process_023: 66 : Insert blank line above
      process_023: 80 : Insert blank line above
      process_027: 60 : Insert blank line above *begin* keyword
      signal_200: 48 : Insert blank line below
      whitespace_001: 34 : Remove trailing whitespace
      whitespace_001: 35 : Remove trailing whitespace
      whitespace_001: 36 : Remove trailing whitespace
    </failure>
  </testcase>
  <testcase name="./src/base/vhdl/olo_base_arb_rr.vhd" time="0">
    <failure type="Failure">
      architecture_016: 53 : Insert blank line above
      architecture_017: 53 : Insert blank line below
      architecture_024: 131 : Add architecture simple name
      entity_019: 39 : Add entity simple name
      generate_011: 129 : Add label g_non_zero
      generic_003: 29 : Change the number of space(s) between generic and ( to 0
      generic_map_006: 107 : Change the number of space(s) between map and ( to 0
      generic_map_006: 111 : Change the number of space(s) between map and ( to 0
      generic_map_006: 119 : Change the number of space(s) between map and ( to 0
      generic_map_006: 123 : Change the number of space(s) between map and ( to 0
      instantiation_001: 107 : Use 8 spaces for indent
      instantiation_001: 108 : Use 12 spaces for indent
      instantiation_001: 109 : Use 12 spaces for indent
      instantiation_001: 110 : Use 8 spaces for indent
      instantiation_001: 111 : Use 8 spaces for indent
      instantiation_001: 112 : Use 12 spaces for indent
      instantiation_001: 113 : Use 12 spaces for indent
      instantiation_001: 114 : Use 12 spaces for indent
      instantiation_001: 115 : Use 12 spaces for indent
      instantiation_001: 116 : Use 8 spaces for indent
      instantiation_001: 119 : Use 8 spaces for indent
      instantiation_001: 120 : Use 12 spaces for indent
      instantiation_001: 121 : Use 12 spaces for indent
      instantiation_001: 122 : Use 8 spaces for indent
      instantiation_001: 123 : Use 8 spaces for indent
      instantiation_001: 124 : Use 12 spaces for indent
      instantiation_001: 125 : Use 12 spaces for indent
      instantiation_001: 126 : Use 12 spaces for indent
      instantiation_001: 127 : Use 12 spaces for indent
      instantiation_001: 128 : Use 8 spaces for indent
      instantiation_010: 108 : Move =&gt; 2 columns
      instantiation_010: 120 : Move =&gt; 2 columns
      instantiation_019: 128 : Insert blank line below
      port_003: 32 : Change the number of space(s) between port and ( to 0
      port_007: 33 : Change number of spaces after *in* to 4.
      port_007: 34 : Change number of spaces after *in* to 4.
      port_007: 35 : Change number of spaces after *in* to 4.
      port_007: 37 : Change number of spaces after *in* to 4.
      port_008: 36 : Change number of spaces after *out* to 3.
      port_008: 38 : Change number of spaces after *out* to 3.
      port_014: 38 : Move ) to next line.
      port_016: 32 : Move port parameter to the next line.
      process_002: 58 : Add 1 space(s) between process and (
      process_002: 95 : Add 1 space(s) between process and (
      process_012: 58 : Add *is* keyword
      process_012: 95 : Add *is* keyword
      process_018: 92 : Add a label for the &quot;end process&quot;.
      process_018: 103 : Add a label for the &quot;end process&quot;.
      process_021: 96 : Add blank line above *begin* keyword
      process_022: 61 : Insert blank line below
      process_022: 96 : Insert blank line below
      process_023: 92 : Insert blank line above
      process_023: 103 : Insert blank line above
      process_027: 61 : Insert blank line above *begin* keyword
      record_type_definition_005: 46 : Add record type simple name
      signal_004: 47 : Format r to match defined regex
      signal_004: 47 : Format r_next to match defined regex
      signal_200: 52 : Insert blank line below
      type_004: 44 : Format two_process_r to match defined regex
      whitespace_001: 31 : Remove trailing whitespace
      whitespace_001: 32 : Remove trailing whitespace
      whitespace_001: 33 : Remove trailing whitespace
      whitespace_001: 34 : Remove trailing whitespace
      whitespace_001: 35 : Remove trailing whitespace
      whitespace_001: 36 : Remove trailing whitespace
      whitespace_001: 37 : Remove trailing whitespace
      whitespace_001: 38 : Remove trailing whitespace
      whitespace_001: 91 : Remove trailing whitespace
    </failure>
  </testcase>
  <testcase name="./src/base/vhdl/olo_base_cc_bits.vhd" time="0">
    <failure type="Failure">
      architecture_024: 117 : Add architecture simple name
      attribute_declaration_501: 65 : Change &quot;ASYNC_REG&quot; to &quot;async_reg&quot;
      attribute_specification_501: 66 : Change &quot;ASYNC_REG&quot; to &quot;async_reg&quot;
      attribute_specification_501: 67 : Change &quot;ASYNC_REG&quot; to &quot;async_reg&quot;
      attribute_specification_501: 68 : Change &quot;ASYNC_REG&quot; to &quot;async_reg&quot;
      entity_019: 41 : Add entity simple name
      entity_203: 41 : Insert blank line below
      generic_003: 28 : Change the number of space(s) between generic and ( to 0
      if_024: 109 : Move code after *then* keyword to the next line.
      port_003: 31 : Change the number of space(s) between port and ( to 0
      process_002: 94 : Add 1 space(s) between process and (
[...]
      subprogram_body_203: 262 : Insert blank line below
      subprogram_body_203: 277 : Insert blank line below
      subprogram_body_203: 293 : Insert blank line below
      subprogram_body_203: 313 : Insert blank line below
      subprogram_body_203: 337 : Insert blank line below
      subprogram_body_203: 356 : Insert blank line below
      subprogram_body_203: 371 : Insert blank line below
      subprogram_body_203: 383 : Insert blank line below
      subprogram_body_203: 394 : Insert blank line below
      subprogram_body_203: 402 : Insert blank line below
      subprogram_body_203: 409 : Insert blank line below
      subprogram_body_203: 454 : Insert blank line below
      subprogram_body_203: 464 : Insert blank line below
      subprogram_body_203: 481 : Insert blank line below
      subprogram_body_203: 486 : Insert blank line below
      subprogram_body_203: 491 : Insert blank line below
      subprogram_body_203: 501 : Insert blank line below
      subprogram_body_203: 529 : Insert blank line below
      subprogram_body_203: 554 : Insert blank line below
      subprogram_body_203: 594 : Insert blank line below
      subprogram_body_203: 622 : Insert blank line below
      subprogram_body_203: 634 : Insert blank line below
      subprogram_body_203: 646 : Insert blank line below
      subprogram_body_203: 660 : Insert blank line below
      subprogram_body_203: 672 : Insert blank line below
      subprogram_body_203: 679 : Insert blank line below
      subprogram_body_204: 199 : Insert blank line above
      subprogram_body_204: 213 : Insert blank line above
      subprogram_body_204: 227 : Insert blank line above
      subprogram_body_204: 249 : Insert blank line above
      subprogram_body_204: 266 : Insert blank line above
      subprogram_body_204: 282 : Insert blank line above
      subprogram_body_204: 298 : Insert blank line above
      subprogram_body_204: 322 : Insert blank line above
      subprogram_body_204: 344 : Insert blank line above
      subprogram_body_204: 362 : Insert blank line above
      subprogram_body_204: 374 : Insert blank line above
      subprogram_body_204: 386 : Insert blank line above
      subprogram_body_204: 397 : Insert blank line above
      subprogram_body_204: 405 : Insert blank line above
      subprogram_body_204: 411 : Insert blank line above
      subprogram_body_204: 457 : Insert blank line above
      subprogram_body_204: 477 : Insert blank line above
      subprogram_body_204: 483 : Insert blank line above
      subprogram_body_204: 488 : Insert blank line above
      subprogram_body_204: 493 : Insert blank line above
      subprogram_body_204: 522 : Insert blank line above
      subprogram_body_204: 545 : Insert blank line above
      subprogram_body_204: 586 : Insert blank line above
      subprogram_body_204: 615 : Insert blank line above
      subprogram_body_204: 627 : Insert blank line above
      subprogram_body_204: 639 : Insert blank line above
      subprogram_body_204: 652 : Insert blank line above
      subprogram_body_204: 666 : Insert blank line above
      subprogram_body_204: 674 : Insert blank line above
      subprogram_body_204: 682 : Insert blank line above
      type_004: 35 : Format olo_test_i2c_t to match defined regex
      type_010: 32 : Insert blank line above
      variable_001: 553 : Use 20 spaces for indent
      variable_001: 645 : Use 20 spaces for indent
      variable_001: 659 : Use 20 spaces for indent
      variable_004: 692 : Format request_msg to match defined regex
      variable_004: 693 : Format reply_msg to match defined regex
      variable_004: 694 : Format msg_type to match defined regex
      variable_004: 695 : Format delay to match defined regex
      variable_004: 696 : Format timeout to match defined regex
      variable_004: 697 : Format clkStretch to match defined regex
      variable_004: 698 : Format address to match defined regex
      variable_004: 699 : Format isRead to match defined regex
      variable_004: 700 : Format addrBits to match defined regex
      variable_004: 701 : Format expectedAck to match defined regex
      variable_004: 702 : Format ackOutput to match defined regex
      variable_004: 703 : Format data to match defined regex
      variable_004: 704 : Format msg_p to match defined regex
      variable_004: 708 : Format opmode to match defined regex
      variable_011: 828 : Change AddrBits to addrBits
      variable_011: 834 : Change AddrBits to addrBits
      variable_011: 945 : Change AddrBits to addrBits
      variable_011: 949 : Change AddrBits to addrBits
      variable_011: 975 : Change Data to data
      variable_011: 1004 : Change Data to data
      variable_011: 1005 : Change Data to data
      variable_011: 1007 : Change Data to data
      variable_600: 692 : Suffix request_msg with one of the following: _v
      variable_600: 693 : Suffix reply_msg with one of the following: _v
      variable_600: 694 : Suffix msg_type with one of the following: _v
      variable_600: 695 : Suffix delay with one of the following: _v
      variable_600: 696 : Suffix timeout with one of the following: _v
      variable_600: 697 : Suffix clkStretch with one of the following: _v
      variable_600: 698 : Suffix address with one of the following: _v
      variable_600: 699 : Suffix isRead with one of the following: _v
      variable_600: 700 : Suffix addrBits with one of the following: _v
      variable_600: 701 : Suffix expectedAck with one of the following: _v
      variable_600: 702 : Suffix ackOutput with one of the following: _v
      variable_600: 703 : Suffix data with one of the following: _v
      variable_600: 704 : Suffix msg_p with one of the following: _v
      variable_600: 708 : Suffix opmode with one of the following: _v
      variable_assignment_001: 542 : Use 20 spaces for indent
      variable_assignment_001: 562 : Use 24 spaces for indent
      variable_assignment_001: 611 : Use 20 spaces for indent
      wait_001: 511 : Use 20 spaces for indent
      wait_001: 516 : Use 20 spaces for indent
      wait_001: 521 : Use 20 spaces for indent
      wait_001: 534 : Use 20 spaces for indent
      wait_001: 539 : Use 20 spaces for indent
      wait_001: 544 : Use 20 spaces for indent
      wait_001: 561 : Use 24 spaces for indent
      wait_001: 572 : Use 24 spaces for indent
      wait_001: 585 : Use 20 spaces for indent
      wait_001: 601 : Use 24 spaces for indent
      wait_001: 614 : Use 20 spaces for indent
      whitespace_001: 31 : Remove trailing whitespace
      whitespace_001: 32 : Remove trailing whitespace
      whitespace_001: 54 : Remove trailing whitespace
      whitespace_001: 62 : Remove trailing whitespace
      whitespace_001: 80 : Remove trailing whitespace
      whitespace_001: 82 : Remove trailing whitespace
      whitespace_001: 85 : Remove trailing whitespace
      whitespace_001: 88 : Remove trailing whitespace
      whitespace_001: 90 : Remove trailing whitespace
      whitespace_001: 94 : Remove trailing whitespace
      whitespace_001: 97 : Remove trailing whitespace
      whitespace_001: 99 : Remove trailing whitespace
      whitespace_001: 183 : Remove trailing whitespace
      whitespace_001: 184 : Remove trailing whitespace
      whitespace_001: 192 : Remove trailing whitespace
      whitespace_001: 206 : Remove trailing whitespace
      whitespace_001: 220 : Remove trailing whitespace
      whitespace_001: 238 : Remove trailing whitespace
      whitespace_001: 255 : Remove trailing whitespace
      whitespace_001: 257 : Remove trailing whitespace
      whitespace_001: 269 : Remove trailing whitespace
      whitespace_001: 271 : Remove trailing whitespace
      whitespace_001: 285 : Remove trailing whitespace
      whitespace_001: 287 : Remove trailing whitespace
      whitespace_001: 389 : Remove trailing whitespace
      whitespace_001: 400 : Remove trailing whitespace
      whitespace_001: 403 : Remove trailing whitespace
      whitespace_001: 406 : Remove trailing whitespace
      whitespace_001: 484 : Remove trailing whitespace
      whitespace_001: 488 : Remove trailing whitespace
      whitespace_001: 489 : Remove trailing whitespace
      whitespace_001: 493 : Remove trailing whitespace
      whitespace_001: 504 : Remove trailing whitespace
      whitespace_001: 505 : Remove trailing whitespace
      whitespace_001: 512 : Remove trailing whitespace
      whitespace_001: 521 : Remove trailing whitespace
      whitespace_001: 528 : Remove trailing whitespace
      whitespace_001: 532 : Remove trailing whitespace
      whitespace_001: 535 : Remove trailing whitespace
      whitespace_001: 544 : Remove trailing whitespace
      whitespace_001: 545 : Remove trailing whitespace
      whitespace_001: 552 : Remove trailing whitespace
      whitespace_001: 557 : Remove trailing whitespace
      whitespace_001: 564 : Remove trailing whitespace
      whitespace_001: 565 : Remove trailing whitespace
      whitespace_001: 570 : Remove trailing whitespace
      whitespace_001: 575 : Remove trailing whitespace
      whitespace_001: 578 : Remove trailing whitespace
      whitespace_001: 583 : Remove trailing whitespace
      whitespace_001: 586 : Remove trailing whitespace
      whitespace_001: 597 : Remove trailing whitespace
      whitespace_001: 603 : Remove trailing whitespace
      whitespace_001: 607 : Remove trailing whitespace
      whitespace_001: 612 : Remove trailing whitespace
      whitespace_001: 617 : Remove trailing whitespace
      whitespace_001: 625 : Remove trailing whitespace
      whitespace_001: 637 : Remove trailing whitespace
      whitespace_001: 649 : Remove trailing whitespace
      whitespace_001: 663 : Remove trailing whitespace
      whitespace_001: 675 : Remove trailing whitespace
      whitespace_001: 682 : Remove trailing whitespace
      whitespace_001: 737 : Remove trailing whitespace
      whitespace_001: 743 : Remove trailing whitespace
      whitespace_001: 746 : Remove trailing whitespace
      whitespace_001: 747 : Remove trailing whitespace
      whitespace_001: 748 : Remove trailing whitespace
      whitespace_001: 762 : Remove trailing whitespace
      whitespace_001: 794 : Remove trailing whitespace
      whitespace_001: 803 : Remove trailing whitespace
      whitespace_001: 807 : Remove trailing whitespace
      whitespace_001: 810 : Remove trailing whitespace
      whitespace_001: 811 : Remove trailing whitespace
      whitespace_001: 860 : Remove trailing whitespace
      whitespace_001: 865 : Remove trailing whitespace
      whitespace_001: 881 : Remove trailing whitespace
      whitespace_001: 889 : Remove trailing whitespace
      whitespace_001: 896 : Remove trailing whitespace
      whitespace_001: 897 : Remove trailing whitespace
      whitespace_001: 912 : Remove trailing whitespace
      whitespace_001: 920 : Remove trailing whitespace
      whitespace_001: 926 : Remove trailing whitespace
      whitespace_001: 1014 : Remove trailing whitespace
      whitespace_001: 1034 : Remove trailing whitespace
      whitespace_001: 1040 : Remove trailing whitespace
      whitespace_004: 841 : Remove spaces before commas.
      whitespace_005: 172 : Remove spaces after open (.
      whitespace_005: 450 : Remove spaces after open (.
      whitespace_005: 459 : Remove spaces after open (.
      whitespace_005: 496 : Remove spaces after open (.
      whitespace_005: 524 : Remove spaces after open (.
      whitespace_005: 547 : Remove spaces after open (.
      whitespace_005: 588 : Remove spaces after open (.
      whitespace_005: 618 : Remove spaces after open (.
      whitespace_005: 629 : Remove spaces after open (.
      whitespace_005: 641 : Remove spaces after open (.
      whitespace_005: 654 : Remove spaces after open (.
      whitespace_005: 670 : Remove spaces after open (.
      whitespace_005: 677 : Remove spaces after open (.
      whitespace_200: 7 : Remove 1 blank line(s) below
      whitespace_200: 250 : Remove 1 blank line(s) below
      whitespace_200: 387 : Remove 1 blank line(s) below
    </failure>
  </testcase>
  <testcase name="./test/tb/olo_test_pkg_axi.vhd" time="0">
    <failure type="Failure">
      package_007: 88 : Add *package* keyword
      package_016: 26 : Suffix olo_test_pkg_axi with one of the following: _pkg
      package_016: 88 : Suffix olo_test_pkg_axi with one of the following: _pkg
      package_401: 54 : Move 1 columns
      package_body_002: 95 : Add *package body* keywords
      package_body_600: 93 : Suffix olo_test_pkg_axi with one of the following: _pkg
      package_body_600: 95 : Suffix olo_test_pkg_axi with one of the following: _pkg
      record_type_definition_005: 65 : Add record type simple name
      record_type_definition_005: 86 : Add record type simple name
      whitespace_001: 29 : Remove trailing whitespace
      whitespace_001: 42 : Remove trailing whitespace
      whitespace_001: 44 : Remove trailing whitespace
      whitespace_001: 57 : Remove trailing whitespace
      whitespace_001: 63 : Remove trailing whitespace
      whitespace_001: 68 : Remove trailing whitespace
      whitespace_001: 70 : Remove trailing whitespace
      whitespace_001: 77 : Remove trailing whitespace
      whitespace_001: 79 : Remove trailing whitespace
      whitespace_001: 81 : Remove trailing whitespace
    </failure>
  </testcase>
  <testcase name="./test/tb/olo_test_spi_slave_vc.vhd" time="0">
    <failure type="Failure">
      architecture_010: 274 : Add architecture keyword.
      architecture_024: 274 : Add architecture simple name
      architecture_601: 206 : Port case mismatch:  Change Cs_n to CS_n
      architecture_601: 260 : Port case mismatch:  Change Cs_n to CS_n
      constant_600: 53 : Suffix SpiSlavePushTransactionMsg with one of the following: _c
      entity_019: 161 : Add entity simple name
      function_008: 57 : Use 12 spaces for indent
      function_008: 58 : Use 12 spaces for indent
      function_008: 59 : Use 12 spaces for indent
      function_008: 60 : Use 12 spaces for indent
      function_008: 61 : Use 12 spaces for indent
      function_008: 109 : Use 12 spaces for indent
      function_008: 110 : Use 12 spaces for indent
      function_008: 111 : Use 12 spaces for indent
      function_008: 112 : Use 12 spaces for indent
      function_008: 113 : Use 12 spaces for indent
      function_017: 56 : Format new_olo_test_spi_slave to match defined regex
      function_017: 64 : Format as_sync to match defined regex
      function_017: 108 : Format new_olo_test_spi_slave to match defined regex
      function_017: 124 : Format as_sync to match defined regex
      function_018: 121 : Add function keyword
      function_018: 127 : Add function keyword
      function_019: 61 : Move parenthesis to next line.
      function_019: 113 : Move parenthesis to next line.
      function_020: 121 : Add function designator
      function_020: 127 : Add function designator
      function_100: 56 : Add 1 space(s) between new_olo_test_spi_slave and (
      function_100: 64 : Add 1 space(s) between as_sync and (
      function_100: 108 : Add 1 space(s) between new_olo_test_spi_slave and (
      function_100: 124 : Add 1 space(s) between as_sync and (
      generic_003: 152 : Change the number of space(s) between generic and ( to 0
      generic_007: 153 : Format instance to match defined regex
      generic_600: 153 : Suffix instance with one of the following: _g
      package_007: 66 : Add *package* keyword
      package_014: 66 : Add package name.
      package_body_002: 128 : Add *package body* keywords
      package_body_003: 128 : Add package name.
      package_body_202: 128 : Insert blank line above
      port_003: 155 : Change the number of space(s) between port and ( to 0
      port_007: 156 : Change number of spaces after *in* to 4.
      port_007: 157 : Change number of spaces after *in* to 4.
      port_007: 158 : Change number of spaces after *in* to 4.
      port_008: 159 : Change number of spaces after *out* to 3.
      procedure_004: 42 : Use 12 spaces for indent
      procedure_004: 43 : Use 12 spaces for indent
      procedure_004: 44 : Use 12 spaces for indent
      procedure_004: 45 : Use 12 spaces for indent
      procedure_004: 46 : Use 12 spaces for indent
      procedure_004: 47 : Use 12 spaces for indent
      procedure_004: 48 : Use 12 spaces for indent
      procedure_004: 74 : Use 12 spaces for indent
      procedure_004: 75 : Use 12 spaces for indent
      procedure_004: 76 : Use 12 spaces for indent
      procedure_004: 77 : Use 12 spaces for indent
      procedure_004: 78 : Use 12 spaces for indent
      procedure_004: 79 : Use 12 spaces for indent
      procedure_004: 80 : Use 12 spaces for indent
      procedure_006: 49 : Use 8 spaces for indent
      procedure_006: 81 : Use 8 spaces for indent
      procedure_012: 105 : Add procedure keyword
      procedure_014: 105 : Add procedure designator
      procedure_411: 45 : Move := 4 columns
      procedure_411: 46 : Move := 4 columns
      procedure_411: 47 : Move := 4 columns
      procedure_501: 41 : Format spi_slave_push_transaction to match defined regex
      procedure_501: 73 : Format spi_slave_push_transaction to match defined regex
      process_012: 168 : Add *is* keyword
      process_018: 272 : Add a label for the &quot;end process&quot;.
      process_022: 186 : Insert blank line below
      process_023: 272 : Insert blank line above
      process_036: 168 : Prefix main with one of the following: p_
      record_type_definition_005: 36 : Add record type simple name
      subprogram_body_202: 85 : Insert blank line above
      subprogram_body_203: 85 : Insert blank line below
      subprogram_body_203: 114 : Insert blank line below
      subprogram_body_203: 125 : Insert blank line below
      subprogram_body_204: 105 : Insert blank line above
      subprogram_body_204: 121 : Insert blank line above
      subprogram_body_204: 127 : Insert blank line above
      type_004: 29 : Format olo_test_spi_slave_t to match defined regex
      variable_004: 83 : Format mosi_v to match defined regex
      variable_004: 84 : Format miso_v to match defined regex
      variable_004: 170 : Format request_msg to match defined regex
      variable_004: 171 : Format reply_msg to match defined regex
      variable_004: 172 : Format msg_type to match defined regex
      variable_004: 173 : Format transaction_bits to match defined regex
      variable_004: 174 : Format data_mosi to match defined regex
      variable_004: 175 : Format data_miso to match defined regex
      variable_004: 176 : Format timeout to match defined regex
      variable_004: 177 : Format msg_p to match defined regex
      variable_600: 170 : Suffix request_msg with one of the following: _v
      variable_600: 171 : Suffix reply_msg with one of the following: _v
      variable_600: 172 : Suffix msg_type with one of the following: _v
      variable_600: 173 : Suffix transaction_bits with one of the following: _v
      variable_600: 174 : Suffix data_mosi with one of the following: _v
      variable_600: 175 : Suffix data_miso with one of the following: _v
      variable_600: 176 : Suffix timeout with one of the following: _v
      variable_600: 177 : Suffix msg_p with one of the following: _v
      whitespace_001: 26 : Remove trailing whitespace
      whitespace_001: 56 : Remove trailing whitespace
      whitespace_001: 62 : Remove trailing whitespace
      whitespace_001: 102 : Remove trailing whitespace
      whitespace_001: 108 : Remove trailing whitespace
      whitespace_001: 115 : Remove trailing whitespace
      whitespace_001: 122 : Remove trailing whitespace
      whitespace_001: 208 : Remove trailing whitespace
      whitespace_001: 213 : Remove trailing whitespace
      whitespace_001: 270 : Remove trailing whitespace
      whitespace_200: 7 : Remove 1 blank line(s) below
    </failure>
  </testcase>
  <system-out>
  </system-out>
  <system-err>
  </system-err>
</testsuite>
